<?xml version="1.0" encoding="UTF-8" standalone="no"?><!DOCTYPE report PUBLIC "-//JACOCO//DTD Report 1.1//EN" "report.dtd"><report name="Pester (07/05/2019 12:36:15)"><sessioninfo id="this" start="1562330174287" dump="1562330175436" /><package name="Assertions"><class name="Assertions/Be" sourcefilename="Be.ps1"><method name="Should-Be" desc="()" line="21"><counter type="INSTRUCTION" missed="3" covered="8" /><counter type="LINE" missed="3" covered="8" /><counter type="METHOD" missed="0" covered="1" /></method><method name="ShouldBeFailureMessage" desc="()" line="46"><counter type="INSTRUCTION" missed="0" covered="14" /><counter type="LINE" missed="0" covered="5" /><counter type="METHOD" missed="0" covered="1" /></method><method name="NotShouldBeFailureMessage" desc="()" line="63"><counter type="INSTRUCTION" missed="3" covered="0" /><counter type="LINE" missed="1" covered="0" /><counter type="METHOD" missed="1" covered="0" /></method><method name="&lt;script&gt;" desc="()" line="66"><counter type="INSTRUCTION" missed="2" covered="0" /><counter type="LINE" missed="2" covered="0" /><counter type="METHOD" missed="1" covered="0" /></method><method name="Should-BeExactly" desc="()" line="91"><counter type="INSTRUCTION" missed="3" covered="8" /><counter type="LINE" missed="3" covered="8" /><counter type="METHOD" missed="0" covered="1" /></method><method name="ShouldBeExactlyFailureMessage" desc="()" line="116"><counter type="INSTRUCTION" missed="4" covered="10" /><counter type="LINE" missed="1" covered="4" /><counter type="METHOD" missed="0" covered="1" /></method><method name="NotShouldBeExactlyFailureMessage" desc="()" line="133"><counter type="INSTRUCTION" missed="3" covered="0" /><counter type="LINE" missed="1" covered="0" /><counter type="METHOD" missed="1" covered="0" /></method><method name="Get-CompareStringMessage" desc="()" line="156"><counter type="INSTRUCTION" missed="0" covered="34" /><counter type="LINE" missed="0" covered="21" /><counter type="METHOD" missed="0" covered="1" /></method><method name="Format-AsExcerpt" desc="()" line="201"><counter type="INSTRUCTION" missed="3" covered="14" /><counter type="LINE" missed="3" covered="14" /><counter type="METHOD" missed="0" covered="1" /></method><method name="Expand-SpecialCharacters" desc="()" line="235"><counter type="INSTRUCTION" missed="0" covered="1" /><counter type="LINE" missed="0" covered="1" /><counter type="METHOD" missed="0" covered="1" /></method><method name="ArraysAreEqual" desc="()" line="247"><counter type="INSTRUCTION" missed="1" covered="28" /><counter type="LINE" missed="1" covered="18" /><counter type="METHOD" missed="0" covered="1" /></method><method name="ArrayOrSingleElementIsNullOrEmpty" desc="()" line="293"><counter type="INSTRUCTION" missed="0" covered="2" /><counter type="LINE" missed="0" covered="1" /><counter type="METHOD" missed="0" covered="1" /></method><method name="IsArray" desc="()" line="301"><counter type="INSTRUCTION" missed="0" covered="1" /><counter type="LINE" missed="0" covered="1" /><counter type="METHOD" missed="0" covered="1" /></method><method name="ReplaceValueInArray" desc="()" line="311"><counter type="INSTRUCTION" missed="8" covered="0" /><counter type="LINE" missed="6" covered="0" /><counter type="METHOD" missed="1" covered="0" /></method><counter type="INSTRUCTION" missed="30" covered="120" /><counter type="LINE" missed="21" covered="81" /><counter type="METHOD" missed="4" covered="10" /><counter type="CLASS" missed="0" covered="1" /></class><class name="Assertions/BeGreaterThan" sourcefilename="BeGreaterThan.ps1"><method name="Should-BeGreaterThan" desc="()" line="11"><counter type="INSTRUCTION" missed="11" covered="0" /><counter type="LINE" missed="8" covered="0" /><counter type="METHOD" missed="1" covered="0" /></method><method name="Should-BeLessOrEqual" desc="()" line="42"><counter type="INSTRUCTION" missed="11" covered="0" /><counter type="LINE" missed="8" covered="0" /><counter type="METHOD" missed="1" covered="0" /></method><method name="&lt;script&gt;" desc="()" line="58"><counter type="INSTRUCTION" missed="2" covered="0" /><counter type="LINE" missed="2" covered="0" /><counter type="METHOD" missed="1" covered="0" /></method><counter type="INSTRUCTION" missed="24" covered="0" /><counter type="LINE" missed="18" covered="0" /><counter type="METHOD" missed="3" covered="0" /><counter type="CLASS" missed="1" covered="0" /></class><class name="Assertions/BeIn" sourcefilename="BeIn.ps1"><method name="Should-BeIn" desc="()" line="11"><counter type="INSTRUCTION" missed="19" covered="0" /><counter type="LINE" missed="13" covered="0" /><counter type="METHOD" missed="1" covered="0" /></method><method name="&lt;script&gt;" desc="()" line="36"><counter type="INSTRUCTION" missed="1" covered="0" /><counter type="LINE" missed="1" covered="0" /><counter type="METHOD" missed="1" covered="0" /></method><counter type="INSTRUCTION" missed="20" covered="0" /><counter type="LINE" missed="14" covered="0" /><counter type="METHOD" missed="2" covered="0" /><counter type="CLASS" missed="1" covered="0" /></class><class name="Assertions/BeLessThan" sourcefilename="BeLessThan.ps1"><method name="Should-BeLessThan" desc="()" line="11"><counter type="INSTRUCTION" missed="11" covered="0" /><counter type="LINE" missed="8" covered="0" /><counter type="METHOD" missed="1" covered="0" /></method><method name="Should-BeGreaterOrEqual" desc="()" line="42"><counter type="INSTRUCTION" missed="11" covered="0" /><counter type="LINE" missed="8" covered="0" /><counter type="METHOD" missed="1" covered="0" /></method><method name="&lt;script&gt;" desc="()" line="58"><counter type="INSTRUCTION" missed="2" covered="0" /><counter type="LINE" missed="2" covered="0" /><counter type="METHOD" missed="1" covered="0" /></method><counter type="INSTRUCTION" missed="24" covered="0" /><counter type="LINE" missed="18" covered="0" /><counter type="METHOD" missed="3" covered="0" /><counter type="CLASS" missed="1" covered="0" /></class><class name="Assertions/BeLike" sourcefilename="BeLike.ps1"><method name="Should-BeLike" desc="()" line="20"><counter type="INSTRUCTION" missed="19" covered="0" /><counter type="LINE" missed="13" covered="0" /><counter type="METHOD" missed="1" covered="0" /></method><method name="&lt;script&gt;" desc="()" line="45"><counter type="INSTRUCTION" missed="1" covered="0" /><counter type="LINE" missed="1" covered="0" /><counter type="METHOD" missed="1" covered="0" /></method><counter type="INSTRUCTION" missed="20" covered="0" /><counter type="LINE" missed="14" covered="0" /><counter type="METHOD" missed="2" covered="0" /><counter type="CLASS" missed="1" covered="0" /></class><class name="Assertions/BeLikeExactly" sourcefilename="BeLikeExactly.ps1"><method name="Should-BeLikeExactly" desc="()" line="19"><counter type="INSTRUCTION" missed="19" covered="0" /><counter type="LINE" missed="13" covered="0" /><counter type="METHOD" missed="1" covered="0" /></method><method name="&lt;script&gt;" desc="()" line="44"><counter type="INSTRUCTION" missed="1" covered="0" /><counter type="LINE" missed="1" covered="0" /><counter type="METHOD" missed="1" covered="0" /></method><counter type="INSTRUCTION" missed="20" covered="0" /><counter type="LINE" missed="14" covered="0" /><counter type="METHOD" missed="2" covered="0" /><counter type="CLASS" missed="1" covered="0" /></class><class name="Assertions/BeNullOrEmpty" sourcefilename="BeNullOrEmpty.ps1"><method name="Should-BeNullOrEmpty" desc="()" line="24"><counter type="INSTRUCTION" missed="18" covered="0" /><counter type="LINE" missed="18" covered="0" /><counter type="METHOD" missed="1" covered="0" /></method><method name="ShouldBeNullOrEmptyFailureMessage" desc="()" line="62"><counter type="INSTRUCTION" missed="3" covered="0" /><counter type="LINE" missed="1" covered="0" /><counter type="METHOD" missed="1" covered="0" /></method><method name="NotShouldBeNullOrEmptyFailureMessage" desc="()" line="66"><counter type="INSTRUCTION" missed="2" covered="0" /><counter type="LINE" missed="1" covered="0" /><counter type="METHOD" missed="1" covered="0" /></method><method name="&lt;script&gt;" desc="()" line="69"><counter type="INSTRUCTION" missed="1" covered="0" /><counter type="LINE" missed="1" covered="0" /><counter type="METHOD" missed="1" covered="0" /></method><counter type="INSTRUCTION" missed="24" covered="0" /><counter type="LINE" missed="21" covered="0" /><counter type="METHOD" missed="4" covered="0" /><counter type="CLASS" missed="1" covered="0" /></class><class name="Assertions/BeOfType" sourcefilename="BeOfType.ps1"><method name="Should-BeOfType" desc="()" line="26"><counter type="INSTRUCTION" missed="28" covered="0" /><counter type="LINE" missed="19" covered="0" /><counter type="METHOD" missed="1" covered="0" /></method><method name="&lt;script&gt;" desc="()" line="66"><counter type="INSTRUCTION" missed="1" covered="0" /><counter type="LINE" missed="1" covered="0" /><counter type="METHOD" missed="1" covered="0" /></method><counter type="INSTRUCTION" missed="29" covered="0" /><counter type="LINE" missed="20" covered="0" /><counter type="METHOD" missed="2" covered="0" /><counter type="CLASS" missed="1" covered="0" /></class><class name="Assertions/BeTrueOrFalse" sourcefilename="BeTrueOrFalse.ps1"><method name="Should-BeTrue" desc="()" line="19"><counter type="INSTRUCTION" missed="11" covered="0" /><counter type="LINE" missed="9" covered="0" /><counter type="METHOD" missed="1" covered="0" /></method><method name="Should-BeFalse" desc="()" line="54"><counter type="INSTRUCTION" missed="11" covered="0" /><counter type="LINE" missed="9" covered="0" /><counter type="METHOD" missed="1" covered="0" /></method><method name="&lt;script&gt;" desc="()" line="72"><counter type="INSTRUCTION" missed="2" covered="0" /><counter type="LINE" missed="2" covered="0" /><counter type="METHOD" missed="1" covered="0" /></method><counter type="INSTRUCTION" missed="24" covered="0" /><counter type="LINE" missed="20" covered="0" /><counter type="METHOD" missed="3" covered="0" /><counter type="CLASS" missed="1" covered="0" /></class><class name="Assertions/Contain" sourcefilename="Contain.ps1"><method name="Should-Contain" desc="()" line="11"><counter type="INSTRUCTION" missed="19" covered="0" /><counter type="LINE" missed="13" covered="0" /><counter type="METHOD" missed="1" covered="0" /></method><method name="&lt;script&gt;" desc="()" line="36"><counter type="INSTRUCTION" missed="1" covered="0" /><counter type="LINE" missed="1" covered="0" /><counter type="METHOD" missed="1" covered="0" /></method><counter type="INSTRUCTION" missed="20" covered="0" /><counter type="LINE" missed="14" covered="0" /><counter type="METHOD" missed="2" covered="0" /><counter type="CLASS" missed="1" covered="0" /></class><class name="Assertions/Exist" sourcefilename="Exist.ps1"><method name="Should-Exist" desc="()" line="15"><counter type="INSTRUCTION" missed="15" covered="0" /><counter type="LINE" missed="11" covered="0" /><counter type="METHOD" missed="1" covered="0" /></method><method name="&lt;script&gt;" desc="()" line="38"><counter type="INSTRUCTION" missed="1" covered="0" /><counter type="LINE" missed="1" covered="0" /><counter type="METHOD" missed="1" covered="0" /></method><counter type="INSTRUCTION" missed="16" covered="0" /><counter type="LINE" missed="12" covered="0" /><counter type="METHOD" missed="2" covered="0" /><counter type="CLASS" missed="1" covered="0" /></class><class name="Assertions/FileContentMatch" sourcefilename="FileContentMatch.ps1"><method name="Should-FileContentMatch" desc="()" line="33"><counter type="INSTRUCTION" missed="13" covered="0" /><counter type="LINE" missed="11" covered="0" /><counter type="METHOD" missed="1" covered="0" /></method><method name="ShouldFileContentMatchFailureMessage" desc="()" line="57"><counter type="INSTRUCTION" missed="3" covered="0" /><counter type="LINE" missed="1" covered="0" /><counter type="METHOD" missed="1" covered="0" /></method><method name="NotShouldFileContentMatchFailureMessage" desc="()" line="61"><counter type="INSTRUCTION" missed="3" covered="0" /><counter type="LINE" missed="1" covered="0" /><counter type="METHOD" missed="1" covered="0" /></method><method name="&lt;script&gt;" desc="()" line="64"><counter type="INSTRUCTION" missed="1" covered="0" /><counter type="LINE" missed="1" covered="0" /><counter type="METHOD" missed="1" covered="0" /></method><counter type="INSTRUCTION" missed="20" covered="0" /><counter type="LINE" missed="14" covered="0" /><counter type="METHOD" missed="4" covered="0" /><counter type="CLASS" missed="1" covered="0" /></class><class name="Assertions/FileContentMatchExactly" sourcefilename="FileContentMatchExactly.ps1"><method name="Should-FileContentMatchExactly" desc="()" line="19"><counter type="INSTRUCTION" missed="13" covered="0" /><counter type="LINE" missed="11" covered="0" /><counter type="METHOD" missed="1" covered="0" /></method><method name="ShouldFileContentMatchExactlyFailureMessage" desc="()" line="43"><counter type="INSTRUCTION" missed="4" covered="0" /><counter type="LINE" missed="1" covered="0" /><counter type="METHOD" missed="1" covered="0" /></method><method name="NotShouldFileContentMatchExactlyFailureMessage" desc="()" line="47"><counter type="INSTRUCTION" missed="4" covered="0" /><counter type="LINE" missed="1" covered="0" /><counter type="METHOD" missed="1" covered="0" /></method><method name="&lt;script&gt;" desc="()" line="50"><counter type="INSTRUCTION" missed="1" covered="0" /><counter type="LINE" missed="1" covered="0" /><counter type="METHOD" missed="1" covered="0" /></method><counter type="INSTRUCTION" missed="22" covered="0" /><counter type="LINE" missed="14" covered="0" /><counter type="METHOD" missed="4" covered="0" /><counter type="CLASS" missed="1" covered="0" /></class><class name="Assertions/FileContentMatchMultiline" sourcefilename="FileContentMatchMultiline.ps1"><method name="Should-FileContentMatchMultiline" desc="()" line="27"><counter type="INSTRUCTION" missed="14" covered="0" /><counter type="LINE" missed="11" covered="0" /><counter type="METHOD" missed="1" covered="0" /></method><method name="ShouldFileContentMatchMultilineFailureMessage" desc="()" line="51"><counter type="INSTRUCTION" missed="4" covered="0" /><counter type="LINE" missed="1" covered="0" /><counter type="METHOD" missed="1" covered="0" /></method><method name="NotShouldFileContentMatchMultilineFailureMessage" desc="()" line="55"><counter type="INSTRUCTION" missed="4" covered="0" /><counter type="LINE" missed="1" covered="0" /><counter type="METHOD" missed="1" covered="0" /></method><method name="&lt;script&gt;" desc="()" line="58"><counter type="INSTRUCTION" missed="1" covered="0" /><counter type="LINE" missed="1" covered="0" /><counter type="METHOD" missed="1" covered="0" /></method><counter type="INSTRUCTION" missed="23" covered="0" /><counter type="LINE" missed="14" covered="0" /><counter type="METHOD" missed="4" covered="0" /><counter type="CLASS" missed="1" covered="0" /></class><class name="Assertions/HaveCount" sourcefilename="HaveCount.ps1"><method name="Should-HaveCount" desc="()" line="11"><counter type="INSTRUCTION" missed="38" covered="0" /><counter type="LINE" missed="31" covered="0" /><counter type="METHOD" missed="1" covered="0" /></method><method name="&lt;script&gt;" desc="()" line="72"><counter type="INSTRUCTION" missed="1" covered="0" /><counter type="LINE" missed="1" covered="0" /><counter type="METHOD" missed="1" covered="0" /></method><counter type="INSTRUCTION" missed="39" covered="0" /><counter type="LINE" missed="32" covered="0" /><counter type="METHOD" missed="2" covered="0" /><counter type="CLASS" missed="1" covered="0" /></class><class name="Assertions/HaveParameter" sourcefilename="HaveParameter.ps1"><method name="Should-HaveParameter" desc="()" line="24"><counter type="INSTRUCTION" missed="91" covered="0" /><counter type="LINE" missed="60" covered="0" /><counter type="METHOD" missed="1" covered="0" /></method><method name="Join-And" desc="()" line="35"><counter type="INSTRUCTION" missed="6" covered="0" /><counter type="LINE" missed="4" covered="0" /><counter type="METHOD" missed="1" covered="0" /></method><method name="Add-SpaceToNonEmptyString" desc="()" line="45"><counter type="INSTRUCTION" missed="2" covered="0" /><counter type="LINE" missed="2" covered="0" /><counter type="METHOD" missed="1" covered="0" /></method><method name="Get-TokenGroup" desc="()" line="74"><counter type="INSTRUCTION" missed="11" covered="0" /><counter type="LINE" missed="10" covered="0" /><counter type="METHOD" missed="1" covered="0" /></method><method name="Get-ParameterInfo" desc="()" line="92"><counter type="INSTRUCTION" missed="33" covered="0" /><counter type="LINE" missed="21" covered="0" /><counter type="METHOD" missed="1" covered="0" /></method><method name="&lt;script&gt;" desc="()" line="227"><counter type="INSTRUCTION" missed="1" covered="0" /><counter type="LINE" missed="1" covered="0" /><counter type="METHOD" missed="1" covered="0" /></method><counter type="INSTRUCTION" missed="144" covered="0" /><counter type="LINE" missed="98" covered="0" /><counter type="METHOD" missed="6" covered="0" /><counter type="CLASS" missed="1" covered="0" /></class><class name="Assertions/Match" sourcefilename="Match.ps1"><method name="Should-Match" desc="()" line="22"><counter type="INSTRUCTION" missed="11" covered="0" /><counter type="LINE" missed="11" covered="0" /><counter type="METHOD" missed="1" covered="0" /></method><method name="ShouldMatchFailureMessage" desc="()" line="46"><counter type="INSTRUCTION" missed="4" covered="0" /><counter type="LINE" missed="1" covered="0" /><counter type="METHOD" missed="1" covered="0" /></method><method name="NotShouldMatchFailureMessage" desc="()" line="50"><counter type="INSTRUCTION" missed="4" covered="0" /><counter type="LINE" missed="1" covered="0" /><counter type="METHOD" missed="1" covered="0" /></method><method name="&lt;script&gt;" desc="()" line="53"><counter type="INSTRUCTION" missed="1" covered="0" /><counter type="LINE" missed="1" covered="0" /><counter type="METHOD" missed="1" covered="0" /></method><counter type="INSTRUCTION" missed="20" covered="0" /><counter type="LINE" missed="14" covered="0" /><counter type="METHOD" missed="4" covered="0" /><counter type="CLASS" missed="1" covered="0" /></class><class name="Assertions/MatchExactly" sourcefilename="MatchExactly.ps1"><method name="Should-MatchExactly" desc="()" line="17"><counter type="INSTRUCTION" missed="11" covered="0" /><counter type="LINE" missed="11" covered="0" /><counter type="METHOD" missed="1" covered="0" /></method><method name="ShouldMatchExactlyFailureMessage" desc="()" line="41"><counter type="INSTRUCTION" missed="4" covered="0" /><counter type="LINE" missed="1" covered="0" /><counter type="METHOD" missed="1" covered="0" /></method><method name="NotShouldMatchExactlyFailureMessage" desc="()" line="45"><counter type="INSTRUCTION" missed="4" covered="0" /><counter type="LINE" missed="1" covered="0" /><counter type="METHOD" missed="1" covered="0" /></method><method name="&lt;script&gt;" desc="()" line="48"><counter type="INSTRUCTION" missed="1" covered="0" /><counter type="LINE" missed="1" covered="0" /><counter type="METHOD" missed="1" covered="0" /></method><counter type="INSTRUCTION" missed="20" covered="0" /><counter type="LINE" missed="14" covered="0" /><counter type="METHOD" missed="4" covered="0" /><counter type="CLASS" missed="1" covered="0" /></class><class name="Assertions/PesterThrow" sourcefilename="PesterThrow.ps1"><method name="Should-Throw" desc="()" line="38"><counter type="INSTRUCTION" missed="36" covered="37" /><counter type="LINE" missed="24" covered="32" /><counter type="METHOD" missed="0" covered="1" /></method><method name="Join-And" desc="()" line="88"><counter type="INSTRUCTION" missed="6" covered="0" /><counter type="LINE" missed="4" covered="0" /><counter type="METHOD" missed="1" covered="0" /></method><method name="Add-SpaceToNonEmptyString" desc="()" line="98"><counter type="INSTRUCTION" missed="2" covered="0" /><counter type="LINE" missed="2" covered="0" /><counter type="METHOD" missed="1" covered="0" /></method><method name="Get-DoValuesMatch" desc="()" line="159"><counter type="INSTRUCTION" missed="1" covered="2" /><counter type="LINE" missed="1" covered="2" /><counter type="METHOD" missed="0" covered="1" /></method><method name="Get-ExceptionLineInfo" desc="()" line="168"><counter type="INSTRUCTION" missed="0" covered="3" /><counter type="LINE" missed="0" covered="2" /><counter type="METHOD" missed="0" covered="1" /></method><method name="&lt;script&gt;" desc="()" line="180"><counter type="INSTRUCTION" missed="1" covered="0" /><counter type="LINE" missed="1" covered="0" /><counter type="METHOD" missed="1" covered="0" /></method><counter type="INSTRUCTION" missed="46" covered="42" /><counter type="LINE" missed="32" covered="36" /><counter type="METHOD" missed="3" covered="3" /><counter type="CLASS" missed="0" covered="1" /></class><class name="Assertions/Should" sourcefilename="Should.ps1"><method name="Get-FailureMessage" desc="()" line="2"><counter type="INSTRUCTION" missed="5" covered="0" /><counter type="LINE" missed="4" covered="0" /><counter type="METHOD" missed="1" covered="0" /></method><method name="New-ShouldErrorRecord" desc="()" line="13"><counter type="INSTRUCTION" missed="10" covered="0" /><counter type="LINE" missed="6" covered="0" /><counter type="METHOD" missed="1" covered="0" /></method><method name="Should" desc="()" line="51"><counter type="INSTRUCTION" missed="8" covered="19" /><counter type="LINE" missed="7" covered="19" /><counter type="METHOD" missed="0" covered="1" /></method><method name="Invoke-LegacyAssertion" desc="()" line="115"><counter type="INSTRUCTION" missed="6" covered="0" /><counter type="LINE" missed="4" covered="0" /><counter type="METHOD" missed="1" covered="0" /></method><method name="Invoke-Assertion" desc="()" line="135"><counter type="INSTRUCTION" missed="3" covered="4" /><counter type="LINE" missed="2" covered="4" /><counter type="METHOD" missed="0" covered="1" /></method><method name="Format-Because" desc="()" line="149"><counter type="INSTRUCTION" missed="0" covered="5" /><counter type="LINE" missed="0" covered="4" /><counter type="METHOD" missed="0" covered="1" /></method><counter type="INSTRUCTION" missed="32" covered="28" /><counter type="LINE" missed="23" covered="27" /><counter type="METHOD" missed="3" covered="3" /><counter type="CLASS" missed="1" covered="0" /></class><sourcefile name="Be.ps1"><line nr="21" mi="0" ci="1" /><line nr="23" mi="0" ci="1" /><line nr="24" mi="0" ci="1" /><line nr="27" mi="0" ci="1" /><line nr="29" mi="0" ci="1" /><line nr="30" mi="1" ci="0" /><line nr="31" mi="1" ci="0" /><line nr="34" mi="1" ci="0" /><line nr="38" mi="0" ci="1" /><line nr="39" mi="0" ci="1" /><line nr="40" mi="0" ci="1" /><line nr="46" mi="0" ci="2" /><line nr="47" mi="0" ci="2" /><line nr="49" mi="0" ci="4" /><line nr="50" mi="0" ci="4" /><line nr="59" mi="0" ci="2" /><line nr="63" mi="3" ci="0" /><line nr="66" mi="1" ci="0" /><line nr="91" mi="0" ci="1" /><line nr="93" mi="0" ci="1" /><line nr="94" mi="0" ci="1" /><line nr="97" mi="0" ci="1" /><line nr="99" mi="0" ci="1" /><line nr="100" mi="1" ci="0" /><line nr="101" mi="1" ci="0" /><line nr="104" mi="1" ci="0" /><line nr="108" mi="0" ci="1" /><line nr="109" mi="0" ci="1" /><line nr="110" mi="0" ci="1" /><line nr="116" mi="0" ci="2" /><line nr="117" mi="0" ci="2" /><line nr="119" mi="0" ci="4" /><line nr="120" mi="4" ci="0" /><line nr="129" mi="0" ci="2" /><line nr="133" mi="3" ci="0" /><line nr="136" mi="1" ci="0" /><line nr="156" mi="0" ci="1" /><line nr="157" mi="0" ci="1" /><line nr="158" mi="0" ci="3" /><line nr="160" mi="0" ci="1" /><line nr="161" mi="0" ci="4" /><line nr="162" mi="0" ci="2" /><line nr="163" mi="0" ci="1" /><line nr="165" mi="0" ci="1" /><line nr="166" mi="0" ci="1" /><line nr="170" mi="0" ci="1" /><line nr="171" mi="0" ci="2" /><line nr="173" mi="0" ci="1" /><line nr="174" mi="0" ci="1" /><line nr="175" mi="0" ci="1" /><line nr="176" mi="0" ci="1" /><line nr="179" mi="0" ci="1" /><line nr="180" mi="0" ci="1" /><line nr="182" mi="0" ci="1" /><line nr="183" mi="0" ci="1" /><line nr="184" mi="0" ci="4" /><line nr="185" mi="0" ci="4" /><line nr="201" mi="0" ci="1" /><line nr="202" mi="0" ci="1" /><line nr="203" mi="0" ci="1" /><line nr="204" mi="0" ci="1" /><line nr="205" mi="0" ci="1" /><line nr="206" mi="0" ci="1" /><line nr="207" mi="0" ci="1" /><line nr="209" mi="0" ci="1" /><line nr="210" mi="0" ci="1" /><line nr="212" mi="0" ci="1" /><line nr="213" mi="0" ci="1" /><line nr="215" mi="0" ci="1" /><line nr="216" mi="1" ci="0" /><line nr="217" mi="1" ci="0" /><line nr="219" mi="1" ci="0" /><line nr="222" mi="0" ci="1" /><line nr="224" mi="0" ci="1" /><line nr="235" mi="0" ci="1" /><line nr="247" mi="0" ci="1" /><line nr="249" mi="0" ci="1" /><line nr="250" mi="0" ci="1" /><line nr="256" mi="0" ci="2" /><line nr="257" mi="0" ci="2" /><line nr="259" mi="0" ci="1" /><line nr="260" mi="1" ci="0" /><line nr="263" mi="0" ci="1" /><line nr="264" mi="0" ci="1" /><line nr="267" mi="0" ci="3" /><line nr="268" mi="0" ci="3" /><line nr="269" mi="0" ci="2" /><line nr="270" mi="0" ci="1" /><line nr="274" mi="0" ci="1" /><line nr="275" mi="0" ci="2" /><line nr="278" mi="0" ci="2" /><line nr="281" mi="0" ci="2" /><line nr="282" mi="0" ci="1" /><line nr="287" mi="0" ci="1" /><line nr="293" mi="0" ci="2" /><line nr="301" mi="0" ci="1" /><line nr="311" mi="1" ci="0" /><line nr="312" mi="1" ci="0" /><line nr="313" mi="1" ci="0" /><line nr="315" mi="2" ci="0" /><line nr="316" mi="2" ci="0" /><line nr="319" mi="1" ci="0" /><counter type="INSTRUCTION" missed="30" covered="120" /><counter type="LINE" missed="21" covered="81" /><counter type="METHOD" missed="4" covered="10" /><counter type="CLASS" missed="0" covered="1" /></sourcefile><sourcefile name="BeGreaterThan.ps1"><line nr="11" mi="1" ci="0" /><line nr="12" mi="1" ci="0" /><line nr="15" mi="1" ci="0" /><line nr="16" mi="1" ci="0" /><line nr="17" mi="1" ci="0" /><line nr="18" mi="4" ci="0" /><line nr="22" mi="1" ci="0" /><line nr="23" mi="1" ci="0" /><line nr="42" mi="1" ci="0" /><line nr="43" mi="1" ci="0" /><line nr="46" mi="1" ci="0" /><line nr="47" mi="1" ci="0" /><line nr="48" mi="1" ci="0" /><line nr="49" mi="4" ci="0" /><line nr="53" mi="1" ci="0" /><line nr="54" mi="1" ci="0" /><line nr="58" mi="1" ci="0" /><line nr="63" mi="1" ci="0" /><counter type="INSTRUCTION" missed="24" covered="0" /><counter type="LINE" missed="18" covered="0" /><counter type="METHOD" missed="3" covered="0" /><counter type="CLASS" missed="1" covered="0" /></sourcefile><sourcefile name="BeIn.ps1"><line nr="11" mi="1" ci="0" /><line nr="12" mi="1" ci="0" /><line nr="13" mi="1" ci="0" /><line nr="16" mi="1" ci="0" /><line nr="17" mi="1" ci="0" /><line nr="18" mi="1" ci="0" /><line nr="19" mi="1" ci="0" /><line nr="20" mi="4" ci="0" /><line nr="24" mi="1" ci="0" /><line nr="25" mi="1" ci="0" /><line nr="26" mi="4" ci="0" /><line nr="31" mi="1" ci="0" /><line nr="32" mi="1" ci="0" /><line nr="36" mi="1" ci="0" /><counter type="INSTRUCTION" missed="20" covered="0" /><counter type="LINE" missed="14" covered="0" /><counter type="METHOD" missed="2" covered="0" /><counter type="CLASS" missed="1" covered="0" /></sourcefile><sourcefile name="BeLessThan.ps1"><line nr="11" mi="1" ci="0" /><line nr="12" mi="1" ci="0" /><line nr="15" mi="1" ci="0" /><line nr="16" mi="1" ci="0" /><line nr="17" mi="1" ci="0" /><line nr="18" mi="4" ci="0" /><line nr="22" mi="1" ci="0" /><line nr="23" mi="1" ci="0" /><line nr="42" mi="1" ci="0" /><line nr="43" mi="1" ci="0" /><line nr="46" mi="1" ci="0" /><line nr="47" mi="1" ci="0" /><line nr="48" mi="1" ci="0" /><line nr="49" mi="4" ci="0" /><line nr="53" mi="1" ci="0" /><line nr="54" mi="1" ci="0" /><line nr="58" mi="1" ci="0" /><line nr="63" mi="1" ci="0" /><counter type="INSTRUCTION" missed="24" covered="0" /><counter type="LINE" missed="18" covered="0" /><counter type="METHOD" missed="3" covered="0" /><counter type="CLASS" missed="1" covered="0" /></sourcefile><sourcefile name="BeLike.ps1"><line nr="20" mi="1" ci="0" /><line nr="21" mi="1" ci="0" /><line nr="22" mi="1" ci="0" /><line nr="25" mi="1" ci="0" /><line nr="26" mi="1" ci="0" /><line nr="27" mi="1" ci="0" /><line nr="28" mi="1" ci="0" /><line nr="29" mi="4" ci="0" /><line nr="33" mi="1" ci="0" /><line nr="34" mi="1" ci="0" /><line nr="35" mi="4" ci="0" /><line nr="40" mi="1" ci="0" /><line nr="41" mi="1" ci="0" /><line nr="45" mi="1" ci="0" /><counter type="INSTRUCTION" missed="20" covered="0" /><counter type="LINE" missed="14" covered="0" /><counter type="METHOD" missed="2" covered="0" /><counter type="CLASS" missed="1" covered="0" /></sourcefile><sourcefile name="BeLikeExactly.ps1"><line nr="19" mi="1" ci="0" /><line nr="20" mi="1" ci="0" /><line nr="21" mi="1" ci="0" /><line nr="24" mi="1" ci="0" /><line nr="25" mi="1" ci="0" /><line nr="26" mi="1" ci="0" /><line nr="27" mi="1" ci="0" /><line nr="28" mi="4" ci="0" /><line nr="32" mi="1" ci="0" /><line nr="33" mi="1" ci="0" /><line nr="34" mi="4" ci="0" /><line nr="39" mi="1" ci="0" /><line nr="40" mi="1" ci="0" /><line nr="44" mi="1" ci="0" /><counter type="INSTRUCTION" missed="20" covered="0" /><counter type="LINE" missed="14" covered="0" /><counter type="METHOD" missed="2" covered="0" /><counter type="CLASS" missed="1" covered="0" /></sourcefile><sourcefile name="BeNullOrEmpty.ps1"><line nr="24" mi="1" ci="0" /><line nr="25" mi="1" ci="0" /><line nr="27" mi="1" ci="0" /><line nr="28" mi="1" ci="0" /><line nr="29" mi="1" ci="0" /><line nr="30" mi="1" ci="0" /><line nr="33" mi="1" ci="0" /><line nr="37" mi="1" ci="0" /><line nr="40" mi="1" ci="0" /><line nr="41" mi="1" ci="0" /><line nr="44" mi="1" ci="0" /><line nr="46" mi="1" ci="0" /><line nr="47" mi="1" ci="0" /><line nr="48" mi="1" ci="0" /><line nr="51" mi="1" ci="0" /><line nr="55" mi="1" ci="0" /><line nr="56" mi="1" ci="0" /><line nr="57" mi="1" ci="0" /><line nr="62" mi="3" ci="0" /><line nr="66" mi="2" ci="0" /><line nr="69" mi="1" ci="0" /><counter type="INSTRUCTION" missed="24" covered="0" /><counter type="LINE" missed="21" covered="0" /><counter type="METHOD" missed="4" covered="0" /><counter type="CLASS" missed="1" covered="0" /></sourcefile><sourcefile name="BeOfType.ps1"><line nr="26" mi="1" ci="0" /><line nr="28" mi="2" ci="0" /><line nr="29" mi="1" ci="0" /><line nr="30" mi="1" ci="0" /><line nr="33" mi="1" ci="0" /><line nr="36" mi="1" ci="0" /><line nr="37" mi="1" ci="0" /><line nr="38" mi="1" ci="0" /><line nr="41" mi="1" ci="0" /><line nr="43" mi="1" ci="0" /><line nr="44" mi="1" ci="0" /><line nr="47" mi="1" ci="0" /><line nr="50" mi="1" ci="0" /><line nr="51" mi="1" ci="0" /><line nr="52" mi="5" ci="0" /><line nr="55" mi="5" ci="0" /><line nr="59" mi="1" ci="0" /><line nr="60" mi="1" ci="0" /><line nr="61" mi="1" ci="0" /><line nr="66" mi="1" ci="0" /><counter type="INSTRUCTION" missed="29" covered="0" /><counter type="LINE" missed="20" covered="0" /><counter type="METHOD" missed="2" covered="0" /><counter type="CLASS" missed="1" covered="0" /></sourcefile><sourcefile name="BeTrueOrFalse.ps1"><line nr="19" mi="1" ci="0" /><line nr="20" mi="1" ci="0" /><line nr="23" mi="1" ci="0" /><line nr="24" mi="3" ci="0" /><line nr="25" mi="1" ci="0" /><line nr="26" mi="1" ci="0" /><line nr="27" mi="1" ci="0" /><line nr="31" mi="1" ci="0" /><line nr="32" mi="1" ci="0" /><line nr="54" mi="1" ci="0" /><line nr="55" mi="1" ci="0" /><line nr="58" mi="1" ci="0" /><line nr="59" mi="3" ci="0" /><line nr="60" mi="1" ci="0" /><line nr="61" mi="1" ci="0" /><line nr="62" mi="1" ci="0" /><line nr="66" mi="1" ci="0" /><line nr="67" mi="1" ci="0" /><line nr="72" mi="1" ci="0" /><line nr="76" mi="1" ci="0" /><counter type="INSTRUCTION" missed="24" covered="0" /><counter type="LINE" missed="20" covered="0" /><counter type="METHOD" missed="3" covered="0" /><counter type="CLASS" missed="1" covered="0" /></sourcefile><sourcefile name="Contain.ps1"><line nr="11" mi="1" ci="0" /><line nr="12" mi="1" ci="0" /><line nr="13" mi="1" ci="0" /><line nr="16" mi="1" ci="0" /><line nr="17" mi="1" ci="0" /><line nr="18" mi="1" ci="0" /><line nr="19" mi="1" ci="0" /><line nr="20" mi="4" ci="0" /><line nr="24" mi="1" ci="0" /><line nr="25" mi="1" ci="0" /><line nr="26" mi="4" ci="0" /><line nr="31" mi="1" ci="0" /><line nr="32" mi="1" ci="0" /><line nr="36" mi="1" ci="0" /><counter type="INSTRUCTION" missed="20" covered="0" /><counter type="LINE" missed="14" covered="0" /><counter type="METHOD" missed="2" covered="0" /><counter type="CLASS" missed="1" covered="0" /></sourcefile><sourcefile name="Exist.ps1"><line nr="15" mi="1" ci="0" /><line nr="17" mi="1" ci="0" /><line nr="18" mi="1" ci="0" /><line nr="21" mi="1" ci="0" /><line nr="23" mi="1" ci="0" /><line nr="24" mi="1" ci="0" /><line nr="25" mi="3" ci="0" /><line nr="28" mi="3" ci="0" /><line nr="32" mi="1" ci="0" /><line nr="33" mi="1" ci="0" /><line nr="34" mi="1" ci="0" /><line nr="38" mi="1" ci="0" /><counter type="INSTRUCTION" missed="16" covered="0" /><counter type="LINE" missed="12" covered="0" /><counter type="METHOD" missed="2" covered="0" /><counter type="CLASS" missed="1" covered="0" /></sourcefile><sourcefile name="FileContentMatch.ps1"><line nr="33" mi="3" ci="0" /><line nr="35" mi="1" ci="0" /><line nr="36" mi="1" ci="0" /><line nr="39" mi="1" ci="0" /><line nr="41" mi="1" ci="0" /><line nr="42" mi="1" ci="0" /><line nr="43" mi="1" ci="0" /><line nr="46" mi="1" ci="0" /><line nr="50" mi="1" ci="0" /><line nr="51" mi="1" ci="0" /><line nr="52" mi="1" ci="0" /><line nr="57" mi="3" ci="0" /><line nr="61" mi="3" ci="0" /><line nr="64" mi="1" ci="0" /><counter type="INSTRUCTION" missed="20" covered="0" /><counter type="LINE" missed="14" covered="0" /><counter type="METHOD" missed="4" covered="0" /><counter type="CLASS" missed="1" covered="0" /></sourcefile><sourcefile name="FileContentMatchExactly.ps1"><line nr="19" mi="3" ci="0" /><line nr="21" mi="1" ci="0" /><line nr="22" mi="1" ci="0" /><line nr="25" mi="1" ci="0" /><line nr="27" mi="1" ci="0" /><line nr="28" mi="1" ci="0" /><line nr="29" mi="1" ci="0" /><line nr="32" mi="1" ci="0" /><line nr="36" mi="1" ci="0" /><line nr="37" mi="1" ci="0" /><line nr="38" mi="1" ci="0" /><line nr="43" mi="4" ci="0" /><line nr="47" mi="4" ci="0" /><line nr="50" mi="1" ci="0" /><counter type="INSTRUCTION" missed="22" covered="0" /><counter type="LINE" missed="14" covered="0" /><counter type="METHOD" missed="4" covered="0" /><counter type="CLASS" missed="1" covered="0" /></sourcefile><sourcefile name="FileContentMatchMultiline.ps1"><line nr="27" mi="4" ci="0" /><line nr="29" mi="1" ci="0" /><line nr="30" mi="1" ci="0" /><line nr="33" mi="1" ci="0" /><line nr="35" mi="1" ci="0" /><line nr="36" mi="1" ci="0" /><line nr="37" mi="1" ci="0" /><line nr="40" mi="1" ci="0" /><line nr="44" mi="1" ci="0" /><line nr="45" mi="1" ci="0" /><line nr="46" mi="1" ci="0" /><line nr="51" mi="4" ci="0" /><line nr="55" mi="4" ci="0" /><line nr="58" mi="1" ci="0" /><counter type="INSTRUCTION" missed="23" covered="0" /><counter type="LINE" missed="14" covered="0" /><counter type="METHOD" missed="4" covered="0" /><counter type="CLASS" missed="1" covered="0" /></sourcefile><sourcefile name="HaveCount.ps1"><line nr="11" mi="1" ci="0" /><line nr="12" mi="1" ci="0" /><line nr="14" mi="1" ci="0" /><line nr="15" mi="1" ci="0" /><line nr="18" mi="1" ci="0" /><line nr="20" mi="1" ci="0" /><line nr="21" mi="1" ci="0" /><line nr="22" mi="1" ci="0" /><line nr="23" mi="1" ci="0" /><line nr="27" mi="1" ci="0" /><line nr="29" mi="1" ci="0" /><line nr="30" mi="1" ci="0" /><line nr="31" mi="1" ci="0" /><line nr="34" mi="2" ci="0" /><line nr="36" mi="1" ci="0" /><line nr="37" mi="2" ci="0" /><line nr="40" mi="1" ci="0" /><line nr="42" mi="1" ci="0" /><line nr="43" mi="1" ci="0" /><line nr="44" mi="2" ci="0" /><line nr="48" mi="1" ci="0" /><line nr="49" mi="1" ci="0" /><line nr="52" mi="2" ci="0" /><line nr="54" mi="1" ci="0" /><line nr="55" mi="3" ci="0" /><line nr="58" mi="1" ci="0" /><line nr="60" mi="1" ci="0" /><line nr="61" mi="1" ci="0" /><line nr="62" mi="2" ci="0" /><line nr="67" mi="1" ci="0" /><line nr="68" mi="1" ci="0" /><line nr="72" mi="1" ci="0" /><counter type="INSTRUCTION" missed="39" covered="0" /><counter type="LINE" missed="32" covered="0" /><counter type="METHOD" missed="2" covered="0" /><counter type="CLASS" missed="1" covered="0" /></sourcefile><sourcefile name="HaveParameter.ps1"><line nr="24" mi="1" ci="0" /><line nr="25" mi="1" ci="0" /><line nr="28" mi="1" ci="0" /><line nr="29" mi="1" ci="0" /><line nr="35" mi="1" ci="0" /><line nr="36" mi="1" ci="0" /><line nr="39" mi="1" ci="0" /><line nr="40" mi="3" ci="0" /><line nr="45" mi="1" ci="0" /><line nr="46" mi="1" ci="0" /><line nr="74" mi="1" ci="0" /><line nr="76" mi="1" ci="0" /><line nr="77" mi="1" ci="0" /><line nr="78" mi="1" ci="0" /><line nr="80" mi="1" ci="0" /><line nr="81" mi="1" ci="0" /><line nr="83" mi="1" ci="0" /><line nr="84" mi="2" ci="0" /><line nr="86" mi="1" ci="0" /><line nr="88" mi="1" ci="0" /><line nr="92" mi="1" ci="0" /><line nr="93" mi="1" ci="0" /><line nr="96" mi="5" ci="0" /><line nr="97" mi="2" ci="0" /><line nr="99" mi="3" ci="0" /><line nr="100" mi="1" ci="0" /><line nr="102" mi="1" ci="0" /><line nr="103" mi="1" ci="0" /><line nr="104" mi="1" ci="0" /><line nr="105" mi="1" ci="0" /><line nr="107" mi="1" ci="0" /><line nr="108" mi="1" ci="0" /><line nr="109" mi="1" ci="0" /><line nr="110" mi="3" ci="0" /><line nr="111" mi="4" ci="0" /><line nr="112" mi="1" ci="0" /><line nr="115" mi="1" ci="0" /><line nr="116" mi="1" ci="0" /><line nr="119" mi="1" ci="0" /><line nr="120" mi="1" ci="0" /><line nr="122" mi="1" ci="0" /><line nr="127" mi="1" ci="0" /><line nr="129" mi="2" ci="0" /><line nr="130" mi="1" ci="0" /><line nr="131" mi="1" ci="0" /><line nr="134" mi="1" ci="0" /><line nr="138" mi="1" ci="0" /><line nr="139" mi="1" ci="0" /><line nr="141" mi="1" ci="0" /><line nr="142" mi="1" ci="0" /><line nr="143" mi="3" ci="0" /><line nr="145" mi="1" ci="0" /><line nr="146" mi="1" ci="0" /><line nr="148" mi="1" ci="0" /><line nr="149" mi="2" ci="0" /><line nr="151" mi="2" ci="0" /><line nr="152" mi="1" ci="0" /><line nr="155" mi="1" ci="0" /><line nr="157" mi="1" ci="0" /><line nr="158" mi="3" ci="0" /><line nr="159" mi="3" ci="0" /><line nr="161" mi="1" ci="0" /><line nr="162" mi="1" ci="0" /><line nr="164" mi="1" ci="0" /><line nr="165" mi="1" ci="0" /><line nr="169" mi="1" ci="0" /><line nr="173" mi="1" ci="0" /><line nr="174" mi="2" ci="0" /><line nr="175" mi="4" ci="0" /><line nr="177" mi="1" ci="0" /><line nr="178" mi="2" ci="0" /><line nr="180" mi="1" ci="0" /><line nr="181" mi="2" ci="0" /><line nr="185" mi="1" ci="0" /><line nr="186" mi="3" ci="0" /><line nr="187" mi="3" ci="0" /><line nr="188" mi="2" ci="0" /><line nr="189" mi="4" ci="0" /><line nr="191" mi="1" ci="0" /><line nr="192" mi="2" ci="0" /><line nr="194" mi="1" ci="0" /><line nr="195" mi="2" ci="0" /><line nr="199" mi="1" ci="0" /><line nr="200" mi="3" ci="0" /><line nr="201" mi="1" ci="0" /><line nr="203" mi="1" ci="0" /><line nr="204" mi="1" ci="0" /><line nr="206" mi="1" ci="0" /><line nr="207" mi="1" ci="0" /><line nr="212" mi="1" ci="0" /><line nr="213" mi="2" ci="0" /><line nr="214" mi="1" ci="0" /><line nr="215" mi="3" ci="0" /><line nr="217" mi="1" ci="0" /><line nr="218" mi="1" ci="0" /><line nr="219" mi="1" ci="0" /><line nr="223" mi="2" ci="0" /><line nr="227" mi="1" ci="0" /><counter type="INSTRUCTION" missed="144" covered="0" /><counter type="LINE" missed="98" covered="0" /><counter type="METHOD" missed="6" covered="0" /><counter type="CLASS" missed="1" covered="0" /></sourcefile><sourcefile name="Match.ps1"><line nr="22" mi="1" ci="0" /><line nr="24" mi="1" ci="0" /><line nr="25" mi="1" ci="0" /><line nr="28" mi="1" ci="0" /><line nr="30" mi="1" ci="0" /><line nr="31" mi="1" ci="0" /><line nr="32" mi="1" ci="0" /><line nr="35" mi="1" ci="0" /><line nr="39" mi="1" ci="0" /><line nr="40" mi="1" ci="0" /><line nr="41" mi="1" ci="0" /><line nr="46" mi="4" ci="0" /><line nr="50" mi="4" ci="0" /><line nr="53" mi="1" ci="0" /><counter type="INSTRUCTION" missed="20" covered="0" /><counter type="LINE" missed="14" covered="0" /><counter type="METHOD" missed="4" covered="0" /><counter type="CLASS" missed="1" covered="0" /></sourcefile><sourcefile name="MatchExactly.ps1"><line nr="17" mi="1" ci="0" /><line nr="19" mi="1" ci="0" /><line nr="20" mi="1" ci="0" /><line nr="23" mi="1" ci="0" /><line nr="25" mi="1" ci="0" /><line nr="26" mi="1" ci="0" /><line nr="27" mi="1" ci="0" /><line nr="30" mi="1" ci="0" /><line nr="34" mi="1" ci="0" /><line nr="35" mi="1" ci="0" /><line nr="36" mi="1" ci="0" /><line nr="41" mi="4" ci="0" /><line nr="45" mi="4" ci="0" /><line nr="48" mi="1" ci="0" /><counter type="INSTRUCTION" missed="20" covered="0" /><counter type="LINE" missed="14" covered="0" /><counter type="METHOD" missed="4" covered="0" /><counter type="CLASS" missed="1" covered="0" /></sourcefile><sourcefile name="PesterThrow.ps1"><line nr="38" mi="0" ci="1" /><line nr="39" mi="0" ci="1" /><line nr="40" mi="0" ci="1" /><line nr="41" mi="0" ci="1" /><line nr="42" mi="0" ci="1" /><line nr="44" mi="0" ci="1" /><line nr="45" mi="1" ci="0" /><line nr="50" mi="0" ci="1" /><line nr="51" mi="0" ci="1" /><line nr="55" mi="0" ci="1" /><line nr="56" mi="0" ci="1" /><line nr="57" mi="0" ci="1" /><line nr="58" mi="0" ci="1" /><line nr="59" mi="0" ci="1" /><line nr="60" mi="0" ci="3" /><line nr="63" mi="0" ci="1" /><line nr="65" mi="0" ci="1" /><line nr="68" mi="1" ci="0" /><line nr="69" mi="1" ci="0" /><line nr="70" mi="2" ci="0" /><line nr="71" mi="1" ci="0" /><line nr="72" mi="1" ci="0" /><line nr="73" mi="1" ci="0" /><line nr="77" mi="1" ci="0" /><line nr="78" mi="1" ci="0" /><line nr="88" mi="1" ci="0" /><line nr="89" mi="1" ci="0" /><line nr="92" mi="1" ci="0" /><line nr="93" mi="3" ci="0" /><line nr="98" mi="1" ci="0" /><line nr="99" mi="1" ci="0" /><line nr="103" mi="0" ci="1" /><line nr="104" mi="0" ci="1" /><line nr="106" mi="0" ci="1" /><line nr="107" mi="0" ci="1" /><line nr="108" mi="2" ci="0" /><line nr="110" mi="1" ci="0" /><line nr="111" mi="3" ci="0" /><line nr="115" mi="0" ci="1" /><line nr="116" mi="0" ci="1" /><line nr="117" mi="0" ci="2" /><line nr="118" mi="0" ci="3" /><line nr="119" mi="2" ci="0" /><line nr="123" mi="0" ci="1" /><line nr="124" mi="0" ci="1" /><line nr="125" mi="2" ci="0" /><line nr="126" mi="3" ci="0" /><line nr="127" mi="2" ci="0" /><line nr="131" mi="0" ci="1" /><line nr="132" mi="1" ci="0" /><line nr="135" mi="0" ci="1" /><line nr="136" mi="2" ci="0" /><line nr="137" mi="1" ci="0" /><line nr="138" mi="2" ci="0" /><line nr="140" mi="1" ci="0" /><line nr="141" mi="1" ci="0" /><line nr="142" mi="1" ci="0" /><line nr="146" mi="0" ci="1" /><line nr="147" mi="0" ci="1" /><line nr="150" mi="0" ci="1" /><line nr="151" mi="2" ci="0" /><line nr="154" mi="0" ci="1" /><line nr="159" mi="0" ci="1" /><line nr="160" mi="1" ci="0" /><line nr="163" mi="0" ci="1" /><line nr="168" mi="0" ci="1" /><line nr="169" mi="0" ci="2" /><line nr="180" mi="1" ci="0" /><counter type="INSTRUCTION" missed="46" covered="42" /><counter type="LINE" missed="32" covered="36" /><counter type="METHOD" missed="3" covered="3" /><counter type="CLASS" missed="0" covered="1" /></sourcefile><sourcefile name="Should.ps1"><line nr="2" mi="1" ci="0" /><line nr="3" mi="1" ci="0" /><line nr="6" mi="1" ci="0" /><line nr="9" mi="2" ci="0" /><line nr="13" mi="1" ci="0" /><line nr="14" mi="1" ci="0" /><line nr="15" mi="1" ci="0" /><line nr="17" mi="5" ci="0" /><line nr="18" mi="1" ci="0" /><line nr="19" mi="1" ci="0" /><line nr="51" mi="0" ci="1" /><line nr="55" mi="0" ci="1" /><line nr="59" mi="0" ci="1" /><line nr="63" mi="0" ci="1" /><line nr="64" mi="1" ci="1" /><line nr="65" mi="0" ci="1" /><line nr="67" mi="0" ci="1" /><line nr="68" mi="1" ci="0" /><line nr="69" mi="1" ci="0" /><line nr="71" mi="1" ci="0" /><line nr="72" mi="1" ci="0" /><line nr="75" mi="1" ci="0" /><line nr="76" mi="1" ci="0" /><line nr="81" mi="0" ci="1" /><line nr="82" mi="0" ci="1" /><line nr="83" mi="0" ci="1" /><line nr="86" mi="0" ci="1" /><line nr="87" mi="0" ci="1" /><line nr="88" mi="0" ci="1" /><line nr="90" mi="0" ci="1" /><line nr="92" mi="0" ci="1" /><line nr="93" mi="1" ci="0" /><line nr="95" mi="0" ci="1" /><line nr="96" mi="0" ci="1" /><line nr="99" mi="0" ci="1" /><line nr="100" mi="0" ci="1" /><line nr="115" mi="1" ci="0" /><line nr="117" mi="2" ci="0" /><line nr="118" mi="1" ci="0" /><line nr="119" mi="2" ci="0" /><line nr="135" mi="0" ci="1" /><line nr="136" mi="0" ci="1" /><line nr="137" mi="2" ci="0" /><line nr="141" mi="0" ci="1" /><line nr="142" mi="0" ci="1" /><line nr="143" mi="1" ci="0" /><line nr="149" mi="0" ci="1" /><line nr="153" mi="0" ci="1" /><line nr="154" mi="0" ci="1" /><line nr="158" mi="0" ci="2" /><counter type="INSTRUCTION" missed="32" covered="28" /><counter type="LINE" missed="23" covered="27" /><counter type="METHOD" missed="3" covered="3" /><counter type="CLASS" missed="1" covered="0" /></sourcefile><counter type="INSTRUCTION" missed="617" covered="190" /><counter type="LINE" missed="441" covered="144" /><counter type="METHOD" missed="63" covered="16" /><counter type="CLASS" missed="18" covered="2" /></package><counter type="INSTRUCTION" missed="617" covered="190" /><counter type="LINE" missed="441" covered="144" /><counter type="METHOD" missed="63" covered="16" /><counter type="CLASS" missed="18" covered="2" /></report>
