<?xml version="1.0" encoding="utf-8" standalone="no"?>
<test-results xmlns:xsi="http://www.w3.org/2001/XMLSchema-instance" xsi:noNamespaceSchemaLocation="nunit_schema_2.5.xsd" name="Pester" total="14" errors="0" failures="2" not-run="0" inconclusive="2" ignored="0" skipped="8" invalid="0" date="2025-01-09" time="13:16:11">
  <environment os-version="10.0.26100" platform="Microsoft Windows 11 Pro|C:\WINDOWS|\Device\Harddisk0\Partition3" user-domain="Ralph" machine-name="RALPH" clr-version="8.0.10" cwd="C:\code\Pester" nunit-version="2.5.8.0" user="corbob" />
  <culture-info current-culture="en-US" current-uiculture="en-US" />
  <test-suite type="TestFixture" name="Pester" executed="True" result="Failure" success="False" time="1.1526" asserts="0" description="Pester">
    <results>
      <test-suite type="TestFixture" name="C:\code\Pester\testing\mine.tests.ps1" executed="True" result="Failure" success="False" time="1.1526" asserts="0" description="C:\code\Pester\testing\mine.tests.ps1">
        <results>
          <test-suite type="TestFixture" name="All The Tests" executed="True" result="Failure" success="False" time="0.5561" asserts="0" description="All The Tests">
            <results>
              <test-suite type="TestFixture" name="All The Tests.Reasons" executed="True" result="Failure" success="False" time="0.244" asserts="0" description="All The Tests.Reasons">
                <results>
                  <test-case description="Skips..." name="All The Tests.Reasons.Skips..." time="0.1065" asserts="0" success="False" result="Ignored" executed="False">
                    <reason>
                      <message>I am skipped</message>
                    </reason>
                  </test-case>
                  <test-case description="Does not skip" name="All The Tests.Reasons.Does not skip" time="0.0375" asserts="0" success="True" result="Success" executed="True" />
                  <test-case description="is Inconclusive" name="All The Tests.Reasons.is Inconclusive" time="0.0095" asserts="0" success="False" result="Inconclusive" executed="True" />
                  <test-case description="is Failed!" name="All The Tests.Reasons.is Failed!" time="0.04" asserts="0" success="False" result="Failure" executed="True">
                    <failure>
                      <message>Expected $false, because I am failed test, but got $true.</message>
                      <stack-trace>at $true | Should -BeFalse -Because 'I am failed test', C:\code\Pester\testing\mine.tests.ps1:14
at &lt;ScriptBlock&gt;, C:\code\Pester\testing\mine.tests.ps1:14</stack-trace>
                    </failure>
                  </test-case>
                </results>
              </test-suite>
              <test-suite type="TestFixture" name="All The Tests.No Reasons" executed="True" result="Failure" success="False" time="0.2971" asserts="0" description="All The Tests.No Reasons">
                <results>
                  <test-case description="Skips..." name="All The Tests.No Reasons.Skips..." time="0.0105" asserts="0" success="False" result="Ignored" executed="False">
                    <reason>
                      <message>is skipped</message>
                    </reason>
                  </test-case>
                  <test-case description="Does not skip" name="All The Tests.No Reasons.Does not skip" time="0.0067" asserts="0" success="True" result="Success" executed="True" />
                  <test-case description="is Inconclusive" name="All The Tests.No Reasons.is Inconclusive" time="0.0121" asserts="0" success="False" result="Inconclusive" executed="True" />
                  <test-case description="is Failed!" name="All The Tests.No Reasons.is Failed!" time="0.0133" asserts="0" success="False" result="Failure" executed="True">
                    <failure>
                      <message>Expected $false, but got $true.</message>
                      <stack-trace>at $true | Should -BeFalse, C:\code\Pester\testing\mine.tests.ps1:29
at &lt;ScriptBlock&gt;, C:\code\Pester\testing\mine.tests.ps1:29</stack-trace>
                    </failure>
                  </test-case>
                </results>
              </test-suite>
              <test-suite type="TestFixture" name="All The Tests.It Reasons" executed="True" result="Ignored" success="True" time="0.3139" asserts="0" description="All The Tests.It Reasons">
                <results>
                  <test-case description="Skips" name="All The Tests.It Reasons.Skips" time="0.0049" asserts="0" success="False" result="Ignored" executed="False">
                    <reason>
                      <message>I am Skipped</message>
                    </reason>
                  </test-case>
                </results>
              </test-suite>
              <test-suite type="TestFixture" name="All The Tests.It No Reasons" executed="True" result="Ignored" success="True" time="0.3913" asserts="0" description="All The Tests.It No Reasons">
                <results>
                  <test-case description="Skips" name="All The Tests.It No Reasons.Skips" time="0.0678" asserts="0" success="False" result="Ignored" executed="False" />
                </results>
              </test-suite>
              <test-suite type="TestFixture" name="All The Tests.Context Reasons" executed="True" result="Ignored" success="True" time="0.4433" asserts="0" description="All The Tests.Context Reasons">
                <results>
                  <test-case description="Skips" name="All The Tests.Context Reasons.Skips" time="0.0432" asserts="0" success="False" result="Ignored" executed="False">
                    <reason>
                      <message>I am Skipped</message>
                    </reason>
                  </test-case>
                </results>
              </test-suite>
              <test-suite type="TestFixture" name="All The Tests.Context No Reasons" executed="True" result="Ignored" success="True" time="0.4778" asserts="0" description="All The Tests.Context No Reasons">
                <results>
                  <test-case description="Skips" name="All The Tests.Context No Reasons.Skips" time="0.0163" asserts="0" success="False" result="Ignored" executed="False" />
                </results>
              </test-suite>
              <test-suite type="TestFixture" name="All The Tests.Describe Reasons" executed="True" result="Ignored" success="True" time="0.5145" asserts="0" description="All The Tests.Describe Reasons">
                <results>
                  <test-case description="Skips" name="All The Tests.Describe Reasons.Skips" time="0.0278" asserts="0" success="False" result="Ignored" executed="False">
                    <reason>
                      <message>I am Skipped</message>
                    </reason>
                  </test-case>
                </results>
              </test-suite>
              <test-suite type="TestFixture" name="All The Tests.Describe No Reasons" executed="True" result="Ignored" success="True" time="0.5374" asserts="0" description="All The Tests.Describe No Reasons">
                <results>
                  <test-case description="Skips" name="All The Tests.Describe No Reasons.Skips" time="0.0042" asserts="0" success="False" result="Ignored" executed="False" />
                </results>
              </test-suite>
            </results>
          </test-suite>
        </results>
      </test-suite>
    </results>
  </test-suite>
</test-results>