<?xml version="1.0" encoding="utf-8" standalone="no"?>
<test-results name="Pester" total="23" errors="0" failures="0" not-run="0" inconclusive="0" ignored="0" skipped="0" invalid="0" date="08-40-2012" time="11:40:24">
  		<test-case name="adds positive numbers" executed="True" result="Success" success="True" time="0.0165055" asserts="0"> 	</test-case> 	 	<test-case name="adds negative numbers" executed="True" result="Success" success="True" time="0.0141981" asserts="0"> 	</test-case> 	 	<test-case name="adds one negative number to positive number" executed="True" result="Success" success="True" time="0.0133399" asserts="0"> 	</test-case> 	 	<test-case name="concatenates strings if given strings" executed="True" result="Success" success="True" time="0.0153426" asserts="0"> 	</test-case> 	 	<test-case name="should have removed the temp folder from the previous fixture" executed="True" result="Success" success="True" time="0.0156264" asserts="0"> 	</test-case> 	 	<test-case name="should also remove the TestDrive:" executed="True" result="Success" success="True" time="0.0136214" asserts="0"> 	</test-case> 	 	<test-case name="executes a command in that directory" executed="True" result="Success" success="True" time="0.0225357" asserts="0"> 	</test-case> 	 	<test-case name="updates the $pwd variable when executed" executed="True" result="Success" success="True" time="0.0394192" asserts="0"> 	</test-case> 	 	<test-case name="will still allow the It {} block to transcribe the console" executed="True" result="Success" success="True" time="0.0289021" asserts="0"> 	</test-case> 	 	<test-case name="records a transcript of the console output" executed="True" result="Success" success="True" time="0.0295371" asserts="0"> 	</test-case> 	 	<test-case name="returns a location that is in a temp area" executed="True" result="Success" success="True" time="0.0110053" asserts="0"> 	</test-case> 	 	<test-case name="creates a drive location called TestDrive:" executed="True" result="Success" success="True" time="0.0127702" asserts="0"> 	</test-case> 	 	<test-case name="creates directory when called with no file content" executed="True" result="Success" success="True" time="0.0152869" asserts="0"> 	</test-case> 	 	<test-case name="creates another directory when called with no file content and doesnt remove first directory" executed="True" result="Success" success="True" time="0.0146182" asserts="0"> 	</test-case> 	 	<test-case name="creates parent directory" executed="True" result="Success" success="True" time="0.0109192" asserts="0"> 	</test-case> 	 	<test-case name="creates child directory underneath parent" executed="True" result="Success" success="True" time="0.0107311" asserts="0"> 	</test-case> 	 	<test-case name="creates file" executed="True" result="Success" success="True" time="0.0146919" asserts="0"> 	</test-case> 	 	<test-case name="also has no content" executed="True" result="Success" success="True" time="0.0107168" asserts="0"> 	</test-case> 	 	<test-case name="creates file" executed="True" result="Success" success="True" time="0.0107619" asserts="0"> 	</test-case> 	 	<test-case name="adds content to the file" executed="True" result="Success" success="True" time="0.0147359" asserts="0"> 	</test-case> 	 	<test-case name="should write a successful test result" executed="True" result="Success" success="True" time="0.0542076" asserts="0"> 	</test-case> 	 	<test-case name="should write a failed test result" executed="True" result="Success" success="True" time="0.0310284" asserts="0"> 	</test-case> 	 	<test-case name="should write the test summary" executed="True" result="Success" success="True" time="0.0299557" asserts="0"> 	</test-case> 	
</test-results>
